<?xml version="1.0" encoding="UTF-8"?>
<!-- Generated by org.testng.reporters.JUnitReportReporter -->
<testsuite skipped="0" hostname="MARS-X240" name="myNewProject.projectnew.TC001" tests="1" failures="0" timestamp="11 Aug 2018 21:33:14 GMT" time="9.037" errors="0">
  <testcase name="customerRegistration" time="9.037" classname="myNewProject.projectnew.TC001"/>
</testsuite> <!-- myNewProject.projectnew.TC001 -->
