<?xml version="1.0" encoding="UTF-8"?>
<!-- Generated by org.testng.reporters.JUnitReportReporter -->
<testsuite skipped="0" hostname="MARS-X240" name="myNewProject.projectnew.TC002" tests="1" failures="0" timestamp="03 Aug 2018 02:31:46 GMT" time="1.028" errors="0">
  <testcase name="getvalue" time="1.028" classname="myNewProject.projectnew.TC002"/>
</testsuite> <!-- myNewProject.projectnew.TC002 -->
