<?xml version="1.0" encoding="UTF-8"?>
<!-- Generated by org.testng.reporters.JUnitReportReporter -->
<testsuite skipped="0" hostname="MARS-X240" name="myNewProject.projectnew.TC001" tests="1" failures="0" timestamp="21 Aug 2018 14:41:19 GMT" time="8.293" errors="0">
  <testcase name="customerRegistration" time="8.293" classname="myNewProject.projectnew.TC001"/>
</testsuite> <!-- myNewProject.projectnew.TC001 -->
